# JRE version: Java(TM) SE Runtime Environment (8.0_181-b13) (build 1.8.0_181-b13)
# Java VM: Java HotSpot(TM) 64-Bit Server VM (25.181-b13 mixed mode windows-amd64 compressed oops)
Heap:
 PSYoungGen      total 113664K, used 78493K [0x00000000eb400000, 0x00000000f2d00000, 0x0000000100000000)
  eden space 106496K, 66% used [0x00000000eb400000,0x00000000ef9a95c0,0x00000000f1c00000)
  from space 7168K, 99% used [0x00000000f2480000,0x00000000f2b7e1f8,0x00000000f2b80000)
  to   space 8704K, 0% used [0x00000000f1c00000,0x00000000f1c00000,0x00000000f2480000)
 ParOldGen       total 35840K, used 11648K [0x00000000c1c00000, 0x00000000c3f00000, 0x00000000eb400000)
  object space 35840K, 32% used [0x00000000c1c00000,0x00000000c27602e8,0x00000000c3f00000)
 Metaspace       used 30610K, capacity 32196K, committed 32512K, reserved 1077248K
  class space    used 4182K, capacity 4492K, committed 4608K, reserved 1048576K
GC Heap History (10 events):
Event: 2.960 GC heap before
{Heap before GC invocations=5 (full 0):
 PSYoungGen      total 35328K, used 35320K [0x00000000eb400000, 0x00000000ed900000, 0x0000000100000000)
  eden space 32768K, 100% used [0x00000000eb400000,0x00000000ed400000,0x00000000ed400000)
  from space 2560K, 99% used [0x00000000ed680000,0x00000000ed8fe010,0x00000000ed900000)
  to   space 2560K, 0% used [0x00000000ed400000,0x00000000ed400000,0x00000000ed680000)
 ParOldGen       total 44032K, used 5580K [0x00000000c1c00000, 0x00000000c4700000, 0x00000000eb400000)
  object space 44032K, 12% used [0x00000000c1c00000,0x00000000c2173120,0x00000000c4700000)
 Metaspace       used 19183K, capacity 19796K, committed 19840K, reserved 1067008K
  class space    used 2493K, capacity 2674K, committed 2688K, reserved 1048576K
Event: 2.978 GC heap after
Heap after GC invocations=5 (full 0):
 PSYoungGen      total 35328K, used 2538K [0x00000000eb400000, 0x00000000f0100000, 0x0000000100000000)
  eden space 32768K, 0% used [0x00000000eb400000,0x00000000eb400000,0x00000000ed400000)
  from space 2560K, 99% used [0x00000000ed400000,0x00000000ed67aa28,0x00000000ed680000)
  to   space 6656K, 0% used [0x00000000efa80000,0x00000000efa80000,0x00000000f0100000)
 ParOldGen       total 44032K, used 9647K [0x00000000c1c00000, 0x00000000c4700000, 0x00000000eb400000)
  object space 44032K, 21% used [0x00000000c1c00000,0x00000000c256be68,0x00000000c4700000)
 Metaspace       used 19183K, capacity 19796K, committed 19840K, reserved 1067008K
  class space    used 2493K, capacity 2674K, committed 2688K, reserved 1048576K
}
Event: 3.176 GC heap before
{Heap before GC invocations=6 (full 0):
 PSYoungGen      total 35328K, used 17235K [0x00000000eb400000, 0x00000000f0100000, 0x0000000100000000)
  eden space 32768K, 44% used [0x00000000eb400000,0x00000000ec25a280,0x00000000ed400000)
  from space 2560K, 99% used [0x00000000ed400000,0x00000000ed67aa28,0x00000000ed680000)
  to   space 6656K, 0% used [0x00000000efa80000,0x00000000efa80000,0x00000000f0100000)
 ParOldGen       total 44032K, used 9647K [0x00000000c1c00000, 0x00000000c4700000, 0x00000000eb400000)
  object space 44032K, 21% used [0x00000000c1c00000,0x00000000c256be68,0x00000000c4700000)
 Metaspace       used 20563K, capacity 21228K, committed 21296K, reserved 1067008K
  class space    used 2717K, capacity 2898K, committed 2944K, reserved 1048576K
Event: 3.183 GC heap after
Heap after GC invocations=6 (full 0):
 PSYoungGen      total 72192K, used 4484K [0x00000000eb400000, 0x00000000f0100000, 0x0000000100000000)
  eden space 65536K, 0% used [0x00000000eb400000,0x00000000eb400000,0x00000000ef400000)
  from space 6656K, 67% used [0x00000000efa80000,0x00000000efee1238,0x00000000f0100000)
  to   space 6656K, 0% used [0x00000000ef400000,0x00000000ef400000,0x00000000efa80000)
 ParOldGen       total 44032K, used 9655K [0x00000000c1c00000, 0x00000000c4700000, 0x00000000eb400000)
  object space 44032K, 21% used [0x00000000c1c00000,0x00000000c256de68,0x00000000c4700000)
 Metaspace       used 20563K, capacity 21228K, committed 21296K, reserved 1067008K
  class space    used 2717K, capacity 2898K, committed 2944K, reserved 1048576K
}
Event: 3.183 GC heap before
{Heap before GC invocations=7 (full 1):
 PSYoungGen      total 72192K, used 4484K [0x00000000eb400000, 0x00000000f0100000, 0x0000000100000000)
  eden space 65536K, 0% used [0x00000000eb400000,0x00000000eb400000,0x00000000ef400000)
  from space 6656K, 67% used [0x00000000efa80000,0x00000000efee1238,0x00000000f0100000)
  to   space 6656K, 0% used [0x00000000ef400000,0x00000000ef400000,0x00000000efa80000)
 ParOldGen       total 44032K, used 9655K [0x00000000c1c00000, 0x00000000c4700000, 0x00000000eb400000)
  object space 44032K, 21% used [0x00000000c1c00000,0x00000000c256de68,0x00000000c4700000)
 Metaspace       used 20563K, capacity 21228K, committed 21296K, reserved 1067008K
  class space    used 2717K, capacity 2898K, committed 2944K, reserved 1048576K
Event: 3.244 GC heap after
Heap after GC invocations=7 (full 1):
 PSYoungGen      total 72192K, used 0K [0x00000000eb400000, 0x00000000f0100000, 0x0000000100000000)
  eden space 65536K, 0% used [0x00000000eb400000,0x00000000eb400000,0x00000000ef400000)
  from space 6656K, 0% used [0x00000000efa80000,0x00000000efa80000,0x00000000f0100000)
  to   space 6656K, 0% used [0x00000000ef400000,0x00000000ef400000,0x00000000efa80000)
 ParOldGen       total 35840K, used 9851K [0x00000000c1c00000, 0x00000000c3f00000, 0x00000000eb400000)
  object space 35840K, 27% used [0x00000000c1c00000,0x00000000c259ee10,0x00000000c3f00000)
 Metaspace       used 20563K, capacity 21228K, committed 21296K, reserved 1067008K
  class space    used 2717K, capacity 2898K, committed 2944K, reserved 1048576K
}
Event: 5.474 GC heap before
{Heap before GC invocations=8 (full 1):
 PSYoungGen      total 72192K, used 65536K [0x00000000eb400000, 0x00000000f0100000, 0x0000000100000000)
  eden space 65536K, 100% used [0x00000000eb400000,0x00000000ef400000,0x00000000ef400000)
  from space 6656K, 0% used [0x00000000efa80000,0x00000000efa80000,0x00000000f0100000)
  to   space 6656K, 0% used [0x00000000ef400000,0x00000000ef400000,0x00000000efa80000)
 ParOldGen       total 35840K, used 9851K [0x00000000c1c00000, 0x00000000c3f00000, 0x00000000eb400000)
  object space 35840K, 27% used [0x00000000c1c00000,0x00000000c259ee10,0x00000000c3f00000)
 Metaspace       used 22964K, capacity 23856K, committed 24064K, reserved 1071104K
  class space    used 3068K, capacity 3286K, committed 3328K, reserved 1048576K
Event: 5.484 GC heap after
Heap after GC invocations=8 (full 1):
 PSYoungGen      total 72192K, used 6634K [0x00000000eb400000, 0x00000000f2b80000, 0x0000000100000000)
  eden space 65536K, 0% used [0x00000000eb400000,0x00000000eb400000,0x00000000ef400000)
  from space 6656K, 99% used [0x00000000ef400000,0x00000000efa7ab68,0x00000000efa80000)
  to   space 7168K, 0% used [0x00000000f2480000,0x00000000f2480000,0x00000000f2b80000)
 ParOldGen       total 35840K, used 9874K [0x00000000c1c00000, 0x00000000c3f00000, 0x00000000eb400000)
  object space 35840K, 27% used [0x00000000c1c00000,0x00000000c25a4850,0x00000000c3f00000)
 Metaspace       used 22964K, capacity 23856K, committed 24064K, reserved 1071104K
  class space    used 3068K, capacity 3286K, committed 3328K, reserved 1048576K
}
Event: 5.951 GC heap before
{Heap before GC invocations=9 (full 1):
 PSYoungGen      total 72192K, used 72170K [0x00000000eb400000, 0x00000000f2b80000, 0x0000000100000000)
  eden space 65536K, 100% used [0x00000000eb400000,0x00000000ef400000,0x00000000ef400000)
  from space 6656K, 99% used [0x00000000ef400000,0x00000000efa7ab68,0x00000000efa80000)
  to   space 7168K, 0% used [0x00000000f2480000,0x00000000f2480000,0x00000000f2b80000)
 ParOldGen       total 35840K, used 9874K [0x00000000c1c00000, 0x00000000c3f00000, 0x00000000eb400000)
  object space 35840K, 27% used [0x00000000c1c00000,0x00000000c25a4850,0x00000000c3f00000)
 Metaspace       used 26483K, capacity 27488K, committed 27648K, reserved 1073152K
  class space    used 3587K, capacity 3802K, committed 3840K, reserved 1048576K
Event: 5.961 GC heap after
Heap after GC invocations=9 (full 1):
 PSYoungGen      total 113664K, used 7160K [0x00000000eb400000, 0x00000000f2d00000, 0x0000000100000000)
  eden space 106496K, 0% used [0x00000000eb400000,0x00000000eb400000,0x00000000f1c00000)
  from space 7168K, 99% used [0x00000000f2480000,0x00000000f2b7e1f8,0x00000000f2b80000)
  to   space 8704K, 0% used [0x00000000f1c00000,0x00000000f1c00000,0x00000000f2480000)
 ParOldGen       total 35840K, used 11648K [0x00000000c1c00000, 0x00000000c3f00000, 0x00000000eb400000)
  object space 35840K, 32% used [0x00000000c1c00000,0x00000000c27602e8,0x00000000c3f00000)
 Metaspace       used 26483K, capacity 27488K, committed 27648K, reserved 1073152K
  class space    used 3587K, capacity 3802K, committed 3840K, reserved 1048576K
}

