# JRE version: Java(TM) SE Runtime Environment (8.0_181-b13) (build 1.8.0_181-b13)
# Java VM: Java HotSpot(TM) 64-Bit Server VM (25.181-b13 mixed mode windows-amd64 compressed oops)
Heap:
 PSYoungGen      total 142848K, used 5787K [0x00000000eb400000, 0x00000000f5380000, 0x0000000100000000)
  eden space 130560K, 4% used [0x00000000eb400000,0x00000000eb9a6d50,0x00000000f3380000)
  from space 12288K, 0% used [0x00000000f3380000,0x00000000f3380000,0x00000000f3f80000)
  to   space 11776K, 0% used [0x00000000f3f80000,0x00000000f3f80000,0x00000000f4b00000)
 ParOldGen       total 29184K, used 24507K [0x00000000c1c00000, 0x00000000c3880000, 0x00000000eb400000)
  object space 29184K, 83% used [0x00000000c1c00000,0x00000000c33eed20,0x00000000c3880000)
 Metaspace       used 41341K, capacity 43146K, committed 43264K, reserved 1091584K
  class space    used 5505K, capacity 5866K, committed 5888K, reserved 1048576K
GC Heap History (10 events):
Event: 31.800 GC heap before
{Heap before GC invocations=13 (full 1):
 PSYoungGen      total 96768K, used 19540K [0x00000000eb400000, 0x00000000f4b00000, 0x0000000100000000)
  eden space 88576K, 12% used [0x00000000eb400000,0x00000000ebf16f48,0x00000000f0a80000)
  from space 8192K, 99% used [0x00000000f0a80000,0x00000000f127e310,0x00000000f1280000)
  to   space 11776K, 0% used [0x00000000f3f80000,0x00000000f3f80000,0x00000000f4b00000)
 ParOldGen       total 29184K, used 20089K [0x00000000c1c00000, 0x00000000c3880000, 0x00000000eb400000)
  object space 29184K, 68% used [0x00000000c1c00000,0x00000000c2f9e7d8,0x00000000c3880000)
 Metaspace       used 33901K, capacity 35342K, committed 35496K, reserved 1079296K
  class space    used 4572K, capacity 4869K, committed 4992K, reserved 1048576K
Event: 31.811 GC heap after
Heap after GC invocations=13 (full 1):
 PSYoungGen      total 142336K, used 672K [0x00000000eb400000, 0x00000000f5380000, 0x0000000100000000)
  eden space 130560K, 0% used [0x00000000eb400000,0x00000000eb400000,0x00000000f3380000)
  from space 11776K, 5% used [0x00000000f3f80000,0x00000000f4028000,0x00000000f4b00000)
  to   space 12288K, 0% used [0x00000000f3380000,0x00000000f3380000,0x00000000f3f80000)
 ParOldGen       total 29184K, used 27414K [0x00000000c1c00000, 0x00000000c3880000, 0x00000000eb400000)
  object space 29184K, 93% used [0x00000000c1c00000,0x00000000c36c5ae8,0x00000000c3880000)
 Metaspace       used 33901K, capacity 35342K, committed 35496K, reserved 1079296K
  class space    used 4572K, capacity 4869K, committed 4992K, reserved 1048576K
}
Event: 31.811 GC heap before
{Heap before GC invocations=14 (full 2):
 PSYoungGen      total 142336K, used 672K [0x00000000eb400000, 0x00000000f5380000, 0x0000000100000000)
  eden space 130560K, 0% used [0x00000000eb400000,0x00000000eb400000,0x00000000f3380000)
  from space 11776K, 5% used [0x00000000f3f80000,0x00000000f4028000,0x00000000f4b00000)
  to   space 12288K, 0% used [0x00000000f3380000,0x00000000f3380000,0x00000000f3f80000)
 ParOldGen       total 29184K, used 27414K [0x00000000c1c00000, 0x00000000c3880000, 0x00000000eb400000)
  object space 29184K, 93% used [0x00000000c1c00000,0x00000000c36c5ae8,0x00000000c3880000)
 Metaspace       used 33901K, capacity 35342K, committed 35496K, reserved 1079296K
  class space    used 4572K, capacity 4869K, committed 4992K, reserved 1048576K
Event: 31.929 GC heap after
Heap after GC invocations=14 (full 2):
 PSYoungGen      total 142336K, used 0K [0x00000000eb400000, 0x00000000f5380000, 0x0000000100000000)
  eden space 130560K, 0% used [0x00000000eb400000,0x00000000eb400000,0x00000000f3380000)
  from space 11776K, 0% used [0x00000000f3f80000,0x00000000f3f80000,0x00000000f4b00000)
  to   space 12288K, 0% used [0x00000000f3380000,0x00000000f3380000,0x00000000f3f80000)
 ParOldGen       total 29184K, used 18562K [0x00000000c1c00000, 0x00000000c3880000, 0x00000000eb400000)
  object space 29184K, 63% used [0x00000000c1c00000,0x00000000c2e20ac0,0x00000000c3880000)
 Metaspace       used 33901K, capacity 35342K, committed 35496K, reserved 1079296K
  class space    used 4572K, capacity 4869K, committed 4992K, reserved 1048576K
}
Event: 33.654 GC heap before
{Heap before GC invocations=15 (full 2):
 PSYoungGen      total 142336K, used 96164K [0x00000000eb400000, 0x00000000f5380000, 0x0000000100000000)
  eden space 130560K, 73% used [0x00000000eb400000,0x00000000f11e92f0,0x00000000f3380000)
  from space 11776K, 0% used [0x00000000f3f80000,0x00000000f3f80000,0x00000000f4b00000)
  to   space 12288K, 0% used [0x00000000f3380000,0x00000000f3380000,0x00000000f3f80000)
 ParOldGen       total 29184K, used 18562K [0x00000000c1c00000, 0x00000000c3880000, 0x00000000eb400000)
  object space 29184K, 63% used [0x00000000c1c00000,0x00000000c2e20ac0,0x00000000c3880000)
 Metaspace       used 39527K, capacity 41130K, committed 41216K, reserved 1089536K
  class space    used 5255K, capacity 5569K, committed 5632K, reserved 1048576K
Event: 33.668 GC heap after
Heap after GC invocations=15 (full 2):
 PSYoungGen      total 142848K, used 7502K [0x00000000eb400000, 0x00000000f5380000, 0x0000000100000000)
  eden space 130560K, 0% used [0x00000000eb400000,0x00000000eb400000,0x00000000f3380000)
  from space 12288K, 61% used [0x00000000f3380000,0x00000000f3ad3a10,0x00000000f3f80000)
  to   space 11776K, 0% used [0x00000000f3f80000,0x00000000f3f80000,0x00000000f4b00000)
 ParOldGen       total 29184K, used 18570K [0x00000000c1c00000, 0x00000000c3880000, 0x00000000eb400000)
  object space 29184K, 63% used [0x00000000c1c00000,0x00000000c2e22ac0,0x00000000c3880000)
 Metaspace       used 39527K, capacity 41130K, committed 41216K, reserved 1089536K
  class space    used 5255K, capacity 5569K, committed 5632K, reserved 1048576K
}
Event: 33.668 GC heap before
{Heap before GC invocations=16 (full 3):
 PSYoungGen      total 142848K, used 7502K [0x00000000eb400000, 0x00000000f5380000, 0x0000000100000000)
  eden space 130560K, 0% used [0x00000000eb400000,0x00000000eb400000,0x00000000f3380000)
  from space 12288K, 61% used [0x00000000f3380000,0x00000000f3ad3a10,0x00000000f3f80000)
  to   space 11776K, 0% used [0x00000000f3f80000,0x00000000f3f80000,0x00000000f4b00000)
 ParOldGen       total 29184K, used 18570K [0x00000000c1c00000, 0x00000000c3880000, 0x00000000eb400000)
  object space 29184K, 63% used [0x00000000c1c00000,0x00000000c2e22ac0,0x00000000c3880000)
 Metaspace       used 39527K, capacity 41130K, committed 41216K, reserved 1089536K
  class space    used 5255K, capacity 5569K, committed 5632K, reserved 1048576K
Event: 33.900 GC heap after
Heap after GC invocations=16 (full 3):
 PSYoungGen      total 142848K, used 0K [0x00000000eb400000, 0x00000000f5380000, 0x0000000100000000)
  eden space 130560K, 0% used [0x00000000eb400000,0x00000000eb400000,0x00000000f3380000)
  from space 12288K, 0% used [0x00000000f3380000,0x00000000f3380000,0x00000000f3f80000)
  to   space 11776K, 0% used [0x00000000f3f80000,0x00000000f3f80000,0x00000000f4b00000)
 ParOldGen       total 29184K, used 25303K [0x00000000c1c00000, 0x00000000c3880000, 0x00000000eb400000)
  object space 29184K, 86% used [0x00000000c1c00000,0x00000000c34b5d50,0x00000000c3880000)
 Metaspace       used 39527K, capacity 41130K, committed 41216K, reserved 1087488K
  class space    used 5255K, capacity 5569K, committed 5632K, reserved 1048576K
}
Event: 36.618 GC heap before
{Heap before GC invocations=17 (full 4):
 PSYoungGen      total 142848K, used 33117K [0x00000000eb400000, 0x00000000f5380000, 0x0000000100000000)
  eden space 130560K, 25% used [0x00000000eb400000,0x00000000ed4576d0,0x00000000f3380000)
  from space 12288K, 0% used [0x00000000f3380000,0x00000000f3380000,0x00000000f3f80000)
  to   space 11776K, 0% used [0x00000000f3f80000,0x00000000f3f80000,0x00000000f4b00000)
 ParOldGen       total 29184K, used 25303K [0x00000000c1c00000, 0x00000000c3880000, 0x00000000eb400000)
  object space 29184K, 86% used [0x00000000c1c00000,0x00000000c34b5d50,0x00000000c3880000)
 Metaspace       used 40881K, capacity 42602K, committed 42752K, reserved 1091584K
  class space    used 5447K, capacity 5770K, committed 5888K, reserved 1048576K
Event: 36.699 GC heap after
Heap after GC invocations=17 (full 4):
 PSYoungGen      total 142848K, used 0K [0x00000000eb400000, 0x00000000f5380000, 0x0000000100000000)
  eden space 130560K, 0% used [0x00000000eb400000,0x00000000eb400000,0x00000000f3380000)
  from space 12288K, 0% used [0x00000000f3380000,0x00000000f3380000,0x00000000f3f80000)
  to   space 11776K, 0% used [0x00000000f3f80000,0x00000000f3f80000,0x00000000f4b00000)
 ParOldGen       total 29184K, used 24507K [0x00000000c1c00000, 0x00000000c3880000, 0x00000000eb400000)
  object space 29184K, 83% used [0x00000000c1c00000,0x00000000c33eed20,0x00000000c3880000)
 Metaspace       used 40881K, capacity 42602K, committed 42752K, reserved 1089536K
  class space    used 5447K, capacity 5770K, committed 5888K, reserved 1048576K
}

